<?xml version="1.0" encoding="UTF-8" ?>
<testsuites>
  <testsuite errors="0" failures="0" hostname="GPA84-952" id="0" name="ResultsTests" package="timtest" tests="1" time="17.642" timestamp="2013-03-18T10:40:18">
      <properties />

      <testcase classname="timtest.ResultsTests" name="testRestBuilderInstalled" time="17.605" />

      <system-out><![CDATA[]]></system-out>

      <system-err><![CDATA[--Output from testRestBuilderInstalled--
]]></system-err>

  </testsuite>
</testsuites>
